c:\users\avishkar kolahalu\google drive\usc\1. animation & simulation - csci 520\assignments\assignment 2\csci520-assignment2-startercode\ide-starter\vs2017\mocapplayer\debug\vc141.pdb
c:\users\avishkar kolahalu\google drive\usc\1. animation & simulation - csci 520\assignments\assignment 2\csci520-assignment2-startercode\ide-starter\vs2017\mocapplayer\debug\vc141.idb
c:\users\avishkar kolahalu\google drive\usc\1. animation & simulation - csci 520\assignments\assignment 2\csci520-assignment2-startercode\ide-starter\vs2017\mocapplayer\debug\vector.obj
c:\users\avishkar kolahalu\google drive\usc\1. animation & simulation - csci 520\assignments\assignment 2\csci520-assignment2-startercode\ide-starter\vs2017\mocapplayer\debug\transform.obj
c:\users\avishkar kolahalu\google drive\usc\1. animation & simulation - csci 520\assignments\assignment 2\csci520-assignment2-startercode\ide-starter\vs2017\mocapplayer\debug\skeleton.obj
c:\users\avishkar kolahalu\google drive\usc\1. animation & simulation - csci 520\assignments\assignment 2\csci520-assignment2-startercode\ide-starter\vs2017\mocapplayer\debug\quaternion.obj
c:\users\avishkar kolahalu\google drive\usc\1. animation & simulation - csci 520\assignments\assignment 2\csci520-assignment2-startercode\ide-starter\vs2017\mocapplayer\debug\ppm.obj
c:\users\avishkar kolahalu\google drive\usc\1. animation & simulation - csci 520\assignments\assignment 2\csci520-assignment2-startercode\ide-starter\vs2017\mocapplayer\debug\posture.obj
c:\users\avishkar kolahalu\google drive\usc\1. animation & simulation - csci 520\assignments\assignment 2\csci520-assignment2-startercode\ide-starter\vs2017\mocapplayer\debug\pic.obj
c:\users\avishkar kolahalu\google drive\usc\1. animation & simulation - csci 520\assignments\assignment 2\csci520-assignment2-startercode\ide-starter\vs2017\mocapplayer\debug\performancecounter.obj
c:\users\avishkar kolahalu\google drive\usc\1. animation & simulation - csci 520\assignments\assignment 2\csci520-assignment2-startercode\ide-starter\vs2017\mocapplayer\debug\motion.obj
c:\users\avishkar kolahalu\google drive\usc\1. animation & simulation - csci 520\assignments\assignment 2\csci520-assignment2-startercode\ide-starter\vs2017\mocapplayer\debug\mocapplayer.obj
c:\users\avishkar kolahalu\google drive\usc\1. animation & simulation - csci 520\assignments\assignment 2\csci520-assignment2-startercode\ide-starter\vs2017\mocapplayer\debug\interface.obj
c:\users\avishkar kolahalu\google drive\usc\1. animation & simulation - csci 520\assignments\assignment 2\csci520-assignment2-startercode\ide-starter\vs2017\mocapplayer\debug\displayskeleton.obj
c:\users\avishkar kolahalu\google drive\usc\1. animation & simulation - csci 520\assignments\assignment 2\csci520-assignment2-startercode\ide-starter\vs2017\debug\mocapplayer.ilk
c:\users\avishkar kolahalu\google drive\usc\1. animation & simulation - csci 520\assignments\assignment 2\csci520-assignment2-startercode\ide-starter\vs2017\debug\mocapplayer.exe
c:\users\avishkar kolahalu\google drive\usc\1. animation & simulation - csci 520\assignments\assignment 2\csci520-assignment2-startercode\ide-starter\vs2017\debug\mocapplayer.pdb
c:\users\avishkar kolahalu\google drive\usc\1. animation & simulation - csci 520\assignments\assignment 2\csci520-assignment2-startercode\ide-starter\vs2017\mocapplayer\debug\mocapplayer.tlog\cl.command.1.tlog
c:\users\avishkar kolahalu\google drive\usc\1. animation & simulation - csci 520\assignments\assignment 2\csci520-assignment2-startercode\ide-starter\vs2017\mocapplayer\debug\mocapplayer.tlog\cl.read.1.tlog
c:\users\avishkar kolahalu\google drive\usc\1. animation & simulation - csci 520\assignments\assignment 2\csci520-assignment2-startercode\ide-starter\vs2017\mocapplayer\debug\mocapplayer.tlog\cl.write.1.tlog
c:\users\avishkar kolahalu\google drive\usc\1. animation & simulation - csci 520\assignments\assignment 2\csci520-assignment2-startercode\ide-starter\vs2017\mocapplayer\debug\mocapplayer.tlog\link.command.1.tlog
c:\users\avishkar kolahalu\google drive\usc\1. animation & simulation - csci 520\assignments\assignment 2\csci520-assignment2-startercode\ide-starter\vs2017\mocapplayer\debug\mocapplayer.tlog\link.read.1.tlog
c:\users\avishkar kolahalu\google drive\usc\1. animation & simulation - csci 520\assignments\assignment 2\csci520-assignment2-startercode\ide-starter\vs2017\mocapplayer\debug\mocapplayer.tlog\link.write.1.tlog
